<?xml version="1.0" encoding="UTF-8"?>
<!-- Generated by org.testng.reporters.JUnitReportReporter -->
<testsuite hostname="DESKTOP-D5QE104" failures="0" tests="1" name="testNGFile.TestNGFirst" time="0.030" errors="0" timestamp="2022-10-30T22:41:11 IST" skipped="0">
  <testcase classname="testNGFile.TestNGFirst" name="m1" time="0.030"/>
  <system-out>
    <![CDATA[HIIII]]>
  </system-out>
</testsuite> <!-- testNGFile.TestNGFirst -->
