<?xml version="1.0" encoding="UTF-8"?>
<!-- Generated by org.testng.reporters.JUnitReportReporter -->
<testsuite hostname="DESKTOP-D5QE104" failures="0" tests="1" name="actitimeTestNG.Test" time="8.405" errors="0" timestamp="2022-12-13T23:28:41 IST" skipped="0">
  <testcase classname="actitimeTestNG.Test" name="veifytext" time="8.405"/>
  <system-out/>
</testsuite> <!-- actitimeTestNG.Test -->
