<?xml version="1.0" encoding="UTF-8"?>
<!-- Generated by org.testng.reporters.JUnitReportReporter -->
<testsuite hostname="DESKTOP-D5QE104" failures="0" tests="3" name="TestNGFlags.timeoutsDemo" time="0.295" errors="0" timestamp="2022-11-03T07:05:28 IST" skipped="0">
  <testcase classname="TestNGFlags.timeoutsDemo" name="TC2" time="0.004"/>
  <system-out>
    <![CDATA[running TC2]]>
  </system-out>
  <testcase classname="TestNGFlags.timeoutsDemo" name="TC3" time="0.275"/>
  <system-out>
    <![CDATA[running TC3]]>
  </system-out>
  <testcase classname="TestNGFlags.timeoutsDemo" name="TC1" time="0.016"/>
  <system-out>
    <![CDATA[running TC1]]>
  </system-out>
</testsuite> <!-- TestNGFlags.timeoutsDemo -->
