<?xml version="1.0" encoding="UTF-8"?>
<!-- Generated by org.testng.reporters.JUnitReportReporter -->
<testsuite hostname="DESKTOP-D5QE104" failures="0" tests="3" name="BatchExecution.A3" time="0.014" errors="0" timestamp="2022-11-03T08:38:38 IST" skipped="0">
  <testcase classname="BatchExecution.A3" name="TC7" time="0.004"/>
  <system-out>
    <![CDATA[running TC7]]>
  </system-out>
  <testcase classname="BatchExecution.A3" name="TC8" time="0.003"/>
  <system-out>
    <![CDATA[running TC8]]>
  </system-out>
  <testcase classname="BatchExecution.A3" name="TC9" time="0.007"/>
  <system-out>
    <![CDATA[running TC9]]>
  </system-out>
</testsuite> <!-- BatchExecution.A3 -->
