<?xml version="1.0" encoding="UTF-8"?>
<!-- Generated by org.testng.reporters.JUnitReportReporter -->
<testsuite hostname="DESKTOP-D5QE104" failures="0" tests="1" name="BatchExecution.A1" time="0.019" errors="0" timestamp="2022-11-03T08:38:38 IST" skipped="0">
  <testcase classname="BatchExecution.A1" name="TC1" time="0.019"/>
  <system-out>
    <![CDATA[running TC1]]>
  </system-out>
</testsuite> <!-- BatchExecution.A1 -->
