<?xml version="1.0" encoding="UTF-8"?>
<!-- Generated by org.testng.reporters.JUnitReportReporter -->
<testsuite hostname="DESKTOP-D5QE104" failures="0" tests="3" name="BatchExecution.A2" time="0.009" errors="0" timestamp="2022-11-03T08:38:38 IST" skipped="0">
  <testcase classname="BatchExecution.A2" name="TC6" time="0.004"/>
  <system-out>
    <![CDATA[running TC6]]>
  </system-out>
  <testcase classname="BatchExecution.A2" name="TC4" time="0.002"/>
  <system-out>
    <![CDATA[running TC4]]>
  </system-out>
  <testcase classname="BatchExecution.A2" name="TC5" time="0.003"/>
  <system-out>
    <![CDATA[running TC5]]>
  </system-out>
</testsuite> <!-- BatchExecution.A2 -->
