<?xml version="1.0" encoding="UTF-8"?>
<!-- Generated by org.testng.reporters.JUnitReportReporter -->
<testsuite hostname="DESKTOP-D5QE104" failures="0" tests="1" name="assertionHard.NotEquals" time="0.017" errors="0" timestamp="2022-11-06T10:32:50 IST" skipped="0">
  <testcase classname="assertionHard.NotEquals" name="TC1" time="0.017"/>
  <system-out/>
</testsuite> <!-- assertionHard.NotEquals -->
