<?xml version="1.0" encoding="UTF-8"?>
<!-- Generated by org.testng.reporters.JUnitReportReporter -->
<testsuite hostname="DESKTOP-D5QE104" failures="0" tests="3" name="TestNGFlags.enabledDemo" time="0.022" errors="0" timestamp="2022-11-03T07:00:34 IST" skipped="1">
  <testcase classname="TestNGFlags.enabledDemo" name="TC1" time="0.017"/>
  <system-out>
    <![CDATA[running TC1]]>
  </system-out>
  <testcase classname="TestNGFlags.enabledDemo" name="TC3" time="0.005"/>
  <system-out>
    <![CDATA[running TC3]]>
  </system-out>
  <testcase classname="TestNGFlags.enabledDemo" name="TC2">
    <skipped/>
  </testcase> <!-- TC2 -->
  <system-out/>
</testsuite> <!-- TestNGFlags.enabledDemo -->
