<?xml version="1.0" encoding="UTF-8"?>
<!-- Generated by org.testng.reporters.JUnitReportReporter -->
<testsuite hostname="DESKTOP-D5QE104" failures="0" tests="11" name="TestNGFlags.invocationCountDemo" time="0.060" errors="0" timestamp="2022-11-01T00:00:09 IST" skipped="0">
  <testcase classname="TestNGFlags.invocationCountDemo" name="TC1" time="0.003"/>
  <system-out>
    <![CDATA[running tc1]]>
  </system-out>
  <testcase classname="TestNGFlags.invocationCountDemo" name="TC2" time="0.002"/>
  <system-out>
    <![CDATA[running TC2]]>
  </system-out>
  <testcase classname="TestNGFlags.invocationCountDemo" name="TC1" time="0.010"/>
  <system-out>
    <![CDATA[running tc1]]>
  </system-out>
  <testcase classname="TestNGFlags.invocationCountDemo" name="TC1" time="0.006"/>
  <system-out>
    <![CDATA[running tc1]]>
  </system-out>
  <testcase classname="TestNGFlags.invocationCountDemo" name="TC1" time="0.001"/>
  <system-out>
    <![CDATA[running tc1]]>
  </system-out>
  <testcase classname="TestNGFlags.invocationCountDemo" name="TC1" time="0.005"/>
  <system-out>
    <![CDATA[running tc1]]>
  </system-out>
  <testcase classname="TestNGFlags.invocationCountDemo" name="TC1" time="0.007"/>
  <system-out>
    <![CDATA[running tc1]]>
  </system-out>
  <testcase classname="TestNGFlags.invocationCountDemo" name="TC1" time="0.002"/>
  <system-out>
    <![CDATA[running tc1]]>
  </system-out>
  <testcase classname="TestNGFlags.invocationCountDemo" name="TC1" time="0.019"/>
  <system-out>
    <![CDATA[running tc1]]>
  </system-out>
  <testcase classname="TestNGFlags.invocationCountDemo" name="TC1" time="0.002"/>
  <system-out>
    <![CDATA[running tc1]]>
  </system-out>
  <testcase classname="TestNGFlags.invocationCountDemo" name="TC1" time="0.003"/>
  <system-out>
    <![CDATA[running tc1]]>
  </system-out>
</testsuite> <!-- TestNGFlags.invocationCountDemo -->
