<?xml version="1.0" encoding="UTF-8"?>
<!-- Generated by org.testng.reporters.JUnitReportReporter -->
<testsuite hostname="DESKTOP-D5QE104" failures="0" tests="1" name="testNGFile.Annotations" time="0.009" errors="0" timestamp="2022-10-30T23:00:02 IST" skipped="0">
  <testcase classname="testNGFile.Annotations" name="verifyuserid" time="0.009"/>
  <system-out>
    <![CDATA[running  verify user if TC]]>
  </system-out>
</testsuite> <!-- testNGFile.Annotations -->
