<?xml version="1.0" encoding="UTF-8"?>
<!-- Generated by org.testng.reporters.JUnitReportReporter -->
<testsuite hostname="DESKTOP-D5QE104" failures="0" tests="3" name="TestNGFlags.priortyDemo" time="0.036" errors="0" timestamp="2022-11-02T07:11:34 IST" skipped="0">
  <testcase classname="TestNGFlags.priortyDemo" name="TC3" time="0.032"/>
  <system-out>
    <![CDATA[running TC3]]>
  </system-out>
  <testcase classname="TestNGFlags.priortyDemo" name="TC1" time="0.001"/>
  <system-out>
    <![CDATA[running TC1]]>
  </system-out>
  <testcase classname="TestNGFlags.priortyDemo" name="TC2" time="0.003"/>
  <system-out>
    <![CDATA[running TC2]]>
  </system-out>
</testsuite> <!-- TestNGFlags.priortyDemo -->
