<?xml version="1.0" encoding="UTF-8"?>
<!-- Generated by org.testng.reporters.JUnitReportReporter -->
<testsuite hostname="DESKTOP-D5QE104" failures="0" tests="2" name="testNGFile.Emailable_report" time="0.021" errors="0" timestamp="2022-10-30T22:39:01 IST" skipped="0">
  <testcase classname="testNGFile.Emailable_report" name="TC2" time="0.003"/>
  <system-out>
    <![CDATA[I am running from test case2]]>
  </system-out>
  <testcase classname="testNGFile.Emailable_report" name="TC1" time="0.018"/>
  <system-out>
    <![CDATA[I am running from test case1]]>
  </system-out>
</testsuite> <!-- testNGFile.Emailable_report -->
